<?xml version="1.0" encoding="UTF-8"?>
<!-- Generated by org.testng.reporters.JUnitReportReporter -->
<testsuite hostname="Razan" failures="0" tests="4" name="databaseProject.DataTest" time="0.107" errors="0" timestamp="2024-10-13T21:58:39 AST" skipped="1">
  <testcase classname="databaseProject.DataTest" name="AddToDatabase" time="0.033"/>
  <system-out/>
  <testcase classname="databaseProject.DataTest" name="updateData" time="0.014"/>
  <system-out/>
  <testcase classname="databaseProject.DataTest" name="GetFromDatabase" time="0.060"/>
  <system-out/>
  <testcase classname="databaseProject.DataTest" name="DeleteData">
    <skipped/>
  </testcase> <!-- DeleteData -->
  <system-out/>
</testsuite> <!-- databaseProject.DataTest -->
